<?xml version="1.0" encoding="UTF-8"?>
<!-- Generated by org.testng.reporters.JUnitXMLReporter -->
<testsuite ignored="0" hostname="DESKTOP-9B29BP4" failures="0" tests="3" name="Test" time="13.611" errors="0" timestamp="2025-03-14T13:44:12 IST">
  <testcase classname="testng.FirstTestCase" name="openapp" time="11.165"/>
  <testcase classname="testng.FirstTestCase" name="enterCredsAndClickOnLogin" time="1.722"/>
  <testcase classname="testng.FirstTestCase" name="quit" time="0.59"/>
</testsuite> <!-- Test -->
