<?xml version="1.0" encoding="UTF-8"?>
<!-- Generated by org.testng.reporters.JUnitXMLReporter -->
<testsuite ignored="3" hostname="DESKTOP-9B29BP4" failures="0" tests="5" name="Functional" time="0.201" errors="0" timestamp="2025-03-16T15:55:44 IST">
  <testcase classname="testng.GroupingDemo2" name="payInINR" time="0.026"/>
  <testcase classname="testng.GroupingDemo2" name="payInDollar" time="0.004"/>
  <testcase classname="testng.GroupingDemo" name="loginByEmail" time="0.005"/>
  <testcase classname="testng.GroupingDemo" name="loginByFB" time="0.004"/>
  <testcase classname="testng.GroupingDemo" name="loginByGoogle" time="0.006"/>
  <testcase classname="testng.GroupingDemo1" name="signUpByGoogle" time="0.0">
    <ignored/>
  </testcase> <!-- signUpByGoogle -->
  <testcase classname="testng.GroupingDemo1" name="signUpByEmail" time="0.0">
    <ignored/>
  </testcase> <!-- signUpByEmail -->
  <testcase classname="testng.GroupingDemo1" name="signUpByFB" time="0.0">
    <ignored/>
  </testcase> <!-- signUpByFB -->
</testsuite> <!-- Functional -->
