<?xml version="1.0" encoding="UTF-8"?>
<testng-results ignored="3" total="8" passed="5" failed="0" skipped="0">
  <reporter-output>
  </reporter-output>
  <suite started-at="2025-03-16T15:55:44 IST" name="Functional" finished-at="2025-03-16T15:55:44 IST" duration-ms="201">
    <groups>
      <group name="functional">
        <method signature="GroupingDemo2.payInINR()[pri:1, instance:testng.GroupingDemo2@3b69e7d1]" name="payInINR" class="testng.GroupingDemo2"/>
        <method signature="GroupingDemo2.payInDollar()[pri:2, instance:testng.GroupingDemo2@3b69e7d1]" name="payInDollar" class="testng.GroupingDemo2"/>
      </group> <!-- functional -->
      <group name="regression">
        <method signature="GroupingDemo2.payInINR()[pri:1, instance:testng.GroupingDemo2@3b69e7d1]" name="payInINR" class="testng.GroupingDemo2"/>
        <method signature="GroupingDemo2.payInDollar()[pri:2, instance:testng.GroupingDemo2@3b69e7d1]" name="payInDollar" class="testng.GroupingDemo2"/>
      </group> <!-- regression -->
      <group name="sanity">
        <method signature="GroupingDemo.loginByEmail()[pri:1, instance:testng.GroupingDemo@2f4948e4]" name="loginByEmail" class="testng.GroupingDemo"/>
        <method signature="GroupingDemo2.payInINR()[pri:1, instance:testng.GroupingDemo2@3b69e7d1]" name="payInINR" class="testng.GroupingDemo2"/>
        <method signature="GroupingDemo.loginByFB()[pri:2, instance:testng.GroupingDemo@2f4948e4]" name="loginByFB" class="testng.GroupingDemo"/>
        <method signature="GroupingDemo2.payInDollar()[pri:2, instance:testng.GroupingDemo2@3b69e7d1]" name="payInDollar" class="testng.GroupingDemo2"/>
        <method signature="GroupingDemo.loginByGoogle()[pri:3, instance:testng.GroupingDemo@2f4948e4]" name="loginByGoogle" class="testng.GroupingDemo"/>
      </group> <!-- sanity -->
    </groups>
    <test started-at="2025-03-16T15:55:44 IST" name="Functional" finished-at="2025-03-16T15:55:44 IST" duration-ms="201">
      <class name="testng.GroupingDemo2">
        <test-method signature="payInINR()[pri:1, instance:testng.GroupingDemo2@3b69e7d1]" started-at="2025-03-16T15:55:44 IST" name="payInINR" finished-at="2025-03-16T15:55:44 IST" duration-ms="26" status="PASS">
          <reporter-output>
          </reporter-output>
        </test-method> <!-- payInINR -->
        <test-method signature="payInDollar()[pri:2, instance:testng.GroupingDemo2@3b69e7d1]" started-at="2025-03-16T15:55:44 IST" name="payInDollar" finished-at="2025-03-16T15:55:44 IST" duration-ms="4" status="PASS">
          <reporter-output>
          </reporter-output>
        </test-method> <!-- payInDollar -->
      </class> <!-- testng.GroupingDemo2 -->
      <class name="testng.GroupingDemo">
        <test-method signature="loginByEmail()[pri:1, instance:testng.GroupingDemo@2f4948e4]" started-at="2025-03-16T15:55:44 IST" name="loginByEmail" finished-at="2025-03-16T15:55:44 IST" duration-ms="5" status="PASS">
          <reporter-output>
          </reporter-output>
        </test-method> <!-- loginByEmail -->
        <test-method signature="loginByFB()[pri:2, instance:testng.GroupingDemo@2f4948e4]" started-at="2025-03-16T15:55:44 IST" name="loginByFB" finished-at="2025-03-16T15:55:44 IST" duration-ms="4" status="PASS">
          <reporter-output>
          </reporter-output>
        </test-method> <!-- loginByFB -->
        <test-method signature="loginByGoogle()[pri:3, instance:testng.GroupingDemo@2f4948e4]" started-at="2025-03-16T15:55:44 IST" name="loginByGoogle" finished-at="2025-03-16T15:55:44 IST" duration-ms="6" status="PASS">
          <reporter-output>
          </reporter-output>
        </test-method> <!-- loginByGoogle -->
      </class> <!-- testng.GroupingDemo -->
    </test> <!-- Functional -->
  </suite> <!-- Functional -->
</testng-results>
