<?xml version="1.0" encoding="UTF-8"?>
<testng-results ignored="0" total="1" passed="1" failed="0" skipped="0">
  <reporter-output>
  </reporter-output>
  <suite started-at="2024-11-23T15:06:36 IST" name="Default suite" finished-at="2024-11-23T15:06:42 IST" duration-ms="5459">
    <groups>
    </groups>
    <test started-at="2024-11-23T15:06:36 IST" name="Default test" finished-at="2024-11-23T15:06:42 IST" duration-ms="5459">
      <class name="selenium.DatePicker">
        <test-method signature="test()[pri:0, instance:selenium.DatePicker@1fa268de]" started-at="2024-11-23T15:06:36 IST" name="test" finished-at="2024-11-23T15:06:42 IST" duration-ms="5406" status="PASS">
          <reporter-output>
          </reporter-output>
        </test-method> <!-- test -->
      </class> <!-- selenium.DatePicker -->
    </test> <!-- Default test -->
  </suite> <!-- Default suite -->
</testng-results>
